c:\users\runkk\desktop\c언어 응용\temp\temp\debug\vc100.pdb
c:\users\runkk\desktop\c언어 응용\temp\temp\debug\temp.obj
c:\users\runkk\desktop\c언어_응용\temp\temp\debug\temp.obj
c:\users\runkk\desktop\c언어_응용\temp\temp\debug\vc100.pdb
c:\users\runkk\desktop\c언어 응용\temp\debug\temp.ilk
c:\users\runkk\desktop\c언어 응용\temp\debug\temp.exe
c:\users\runkk\desktop\c언어 응용\temp\temp\debug\temp.exe.intermediate.manifest
c:\users\runkk\desktop\c언어 응용\temp\debug\temp.pdb
c:\users\runkk\desktop\c언어_응용\temp\debug\temp.ilk
c:\users\runkk\desktop\c언어_응용\temp\debug\temp.exe
c:\users\runkk\desktop\c언어_응용\temp\temp\debug\temp.exe.intermediate.manifest
c:\users\runkk\desktop\c언어_응용\temp\debug\temp.pdb
c:\users\runkk\desktop\c언어 응용\temp\temp\debug\temp.exe.embed.manifest
c:\users\runkk\desktop\c언어 응용\temp\temp\debug\temp.exe.embed.manifest.res
c:\users\runkk\desktop\c언어_응용\temp\temp\debug\temp.exe.embed.manifest.res
c:\users\runkk\desktop\univ\2021_first_half\c언어_응용\temp\temp\debug\vc142.pdb
c:\users\runkk\desktop\univ\2021_first_half\c언어_응용\temp\temp\debug\vc142.idb
c:\users\runkk\desktop\univ\2021_first_half\c언어_응용\temp\temp\debug\temp.obj
c:\users\runkk\desktop\univ\2021_first_half\c언어_응용\temp\temp\debug\temp.vcxprojresolveassemblyreference.cache
c:\users\runkk\desktop\univ\2021_first_half\c언어_응용\temp\temp\debug\cl.command.1.tlog
c:\users\runkk\desktop\univ\2021_first_half\c언어_응용\temp\temp\debug\cl.read.1.tlog
c:\users\runkk\desktop\univ\2021_first_half\c언어_응용\temp\temp\debug\cl.write.1.tlog
c:\users\runkk\desktop\univ\2021_first_half\c언어_응용\temp\temp\debug\link-cvtres.read.1.tlog
c:\users\runkk\desktop\univ\2021_first_half\c언어_응용\temp\temp\debug\link-cvtres.write.1.tlog
c:\users\runkk\desktop\univ\2021_first_half\c언어_응용\temp\temp\debug\link.10256-cvtres.read.1.tlog
c:\users\runkk\desktop\univ\2021_first_half\c언어_응용\temp\temp\debug\link.10256-cvtres.write.1.tlog
c:\users\runkk\desktop\univ\2021_first_half\c언어_응용\temp\temp\debug\link.10256.read.1.tlog
c:\users\runkk\desktop\univ\2021_first_half\c언어_응용\temp\temp\debug\link.10256.write.1.tlog
c:\users\runkk\desktop\univ\2021_first_half\c언어_응용\temp\temp\debug\link.1128-cvtres.read.1.tlog
c:\users\runkk\desktop\univ\2021_first_half\c언어_응용\temp\temp\debug\link.1128-cvtres.write.1.tlog
c:\users\runkk\desktop\univ\2021_first_half\c언어_응용\temp\temp\debug\link.1128.read.1.tlog
c:\users\runkk\desktop\univ\2021_first_half\c언어_응용\temp\temp\debug\link.1128.write.1.tlog
c:\users\runkk\desktop\univ\2021_first_half\c언어_응용\temp\temp\debug\link.12364-cvtres.read.1.tlog
c:\users\runkk\desktop\univ\2021_first_half\c언어_응용\temp\temp\debug\link.12364-cvtres.write.1.tlog
c:\users\runkk\desktop\univ\2021_first_half\c언어_응용\temp\temp\debug\link.12364.read.1.tlog
c:\users\runkk\desktop\univ\2021_first_half\c언어_응용\temp\temp\debug\link.12364.write.1.tlog
c:\users\runkk\desktop\univ\2021_first_half\c언어_응용\temp\temp\debug\link.13216-cvtres.read.1.tlog
c:\users\runkk\desktop\univ\2021_first_half\c언어_응용\temp\temp\debug\link.13216-cvtres.write.1.tlog
c:\users\runkk\desktop\univ\2021_first_half\c언어_응용\temp\temp\debug\link.13216.read.1.tlog
c:\users\runkk\desktop\univ\2021_first_half\c언어_응용\temp\temp\debug\link.13216.write.1.tlog
c:\users\runkk\desktop\univ\2021_first_half\c언어_응용\temp\temp\debug\link.15136-cvtres.read.1.tlog
c:\users\runkk\desktop\univ\2021_first_half\c언어_응용\temp\temp\debug\link.15136-cvtres.write.1.tlog
c:\users\runkk\desktop\univ\2021_first_half\c언어_응용\temp\temp\debug\link.15136.read.1.tlog
c:\users\runkk\desktop\univ\2021_first_half\c언어_응용\temp\temp\debug\link.15136.write.1.tlog
c:\users\runkk\desktop\univ\2021_first_half\c언어_응용\temp\temp\debug\link.19036-cvtres.read.1.tlog
c:\users\runkk\desktop\univ\2021_first_half\c언어_응용\temp\temp\debug\link.19036-cvtres.write.1.tlog
c:\users\runkk\desktop\univ\2021_first_half\c언어_응용\temp\temp\debug\link.19036.read.1.tlog
c:\users\runkk\desktop\univ\2021_first_half\c언어_응용\temp\temp\debug\link.19036.write.1.tlog
c:\users\runkk\desktop\univ\2021_first_half\c언어_응용\temp\temp\debug\link.20140-cvtres.read.1.tlog
c:\users\runkk\desktop\univ\2021_first_half\c언어_응용\temp\temp\debug\link.20140-cvtres.write.1.tlog
c:\users\runkk\desktop\univ\2021_first_half\c언어_응용\temp\temp\debug\link.20140.read.1.tlog
c:\users\runkk\desktop\univ\2021_first_half\c언어_응용\temp\temp\debug\link.20140.write.1.tlog
c:\users\runkk\desktop\univ\2021_first_half\c언어_응용\temp\temp\debug\link.3384-cvtres.read.1.tlog
c:\users\runkk\desktop\univ\2021_first_half\c언어_응용\temp\temp\debug\link.3384-cvtres.write.1.tlog
c:\users\runkk\desktop\univ\2021_first_half\c언어_응용\temp\temp\debug\link.3384.read.1.tlog
c:\users\runkk\desktop\univ\2021_first_half\c언어_응용\temp\temp\debug\link.3384.write.1.tlog
c:\users\runkk\desktop\univ\2021_first_half\c언어_응용\temp\temp\debug\link.3944-cvtres.read.1.tlog
c:\users\runkk\desktop\univ\2021_first_half\c언어_응용\temp\temp\debug\link.3944-cvtres.write.1.tlog
c:\users\runkk\desktop\univ\2021_first_half\c언어_응용\temp\temp\debug\link.3944.read.1.tlog
c:\users\runkk\desktop\univ\2021_first_half\c언어_응용\temp\temp\debug\link.3944.write.1.tlog
c:\users\runkk\desktop\univ\2021_first_half\c언어_응용\temp\temp\debug\link.5552-cvtres.read.1.tlog
c:\users\runkk\desktop\univ\2021_first_half\c언어_응용\temp\temp\debug\link.5552-cvtres.write.1.tlog
c:\users\runkk\desktop\univ\2021_first_half\c언어_응용\temp\temp\debug\link.5552.read.1.tlog
c:\users\runkk\desktop\univ\2021_first_half\c언어_응용\temp\temp\debug\link.5552.write.1.tlog
c:\users\runkk\desktop\univ\2021_first_half\c언어_응용\temp\temp\debug\link.command.1.tlog
c:\users\runkk\desktop\univ\2021_first_half\c언어_응용\temp\temp\debug\link.read.1.tlog
c:\users\runkk\desktop\univ\2021_first_half\c언어_응용\temp\temp\debug\link.write.1.tlog
c:\users\runkk\desktop\univ\2021_first_half\c언어_응용\temp\temp\debug\mt.command.1.tlog
c:\users\runkk\desktop\univ\2021_first_half\c언어_응용\temp\temp\debug\mt.read.1.tlog
c:\users\runkk\desktop\univ\2021_first_half\c언어_응용\temp\temp\debug\mt.write.1.tlog
c:\users\runkk\desktop\univ\2021_first_half\c언어_응용\temp\temp\debug\rc.command.1.tlog
c:\users\runkk\desktop\univ\2021_first_half\c언어_응용\temp\temp\debug\rc.read.1.tlog
c:\users\runkk\desktop\univ\2021_first_half\c언어_응용\temp\temp\debug\rc.write.1.tlog
c:\users\runkk\desktop\univ\2021_first_half\c언어_응용\temp\temp\debug\temp.write.1.tlog
c:\users\runkk\desktop\univ\2021_first_half\c언어_응용\temp\temp\debug\temp.exe.embed.manifest
c:\users\runkk\desktop\univ\2021_first_half\c언어_응용\temp\temp\debug\temp.exe.intermediate.manifest
c:\users\runkk\desktop\univ\2021_first_half\c언어_응용\temp\temp\debug\temp.exe.embed.manifest.res
c:\users\runkk\desktop\univ\2021_first_half\c언어_응용\temp\temp\debug\vc100.idb
c:\users\runkk\desktop\univ\2021_first_half\c언어_응용\temp\temp\debug\vc100.pdb
c:\users\runkk\desktop\univ\2021_first_half\c언어_응용\temp\temp\debug\temp_manifest.rc
c:\users\runkk\desktop\univ\2021_first_half\c언어_응용\temp\debug\temp.pdb
c:\users\runkk\desktop\univ\2021_first_half\c언어_응용\temp\debug\temp.ilk
c:\users\runkk\desktop\univ\2021_first_half\c언어_응용\temp\temp\debug\temp.tlog\cl.command.1.tlog
c:\users\runkk\desktop\univ\2021_first_half\c언어_응용\temp\temp\debug\temp.tlog\cl.read.1.tlog
c:\users\runkk\desktop\univ\2021_first_half\c언어_응용\temp\temp\debug\temp.tlog\cl.write.1.tlog
c:\users\runkk\desktop\univ\2021_first_half\c언어_응용\temp\temp\debug\temp.tlog\link-cvtres.read.1.tlog
c:\users\runkk\desktop\univ\2021_first_half\c언어_응용\temp\temp\debug\temp.tlog\link-cvtres.write.1.tlog
c:\users\runkk\desktop\univ\2021_first_half\c언어_응용\temp\temp\debug\temp.tlog\link-rc.read.1.tlog
c:\users\runkk\desktop\univ\2021_first_half\c언어_응용\temp\temp\debug\temp.tlog\link-rc.write.1.tlog
c:\users\runkk\desktop\univ\2021_first_half\c언어_응용\temp\temp\debug\temp.tlog\link.command.1.tlog
c:\users\runkk\desktop\univ\2021_first_half\c언어_응용\temp\temp\debug\temp.tlog\link.read.1.tlog
c:\users\runkk\desktop\univ\2021_first_half\c언어_응용\temp\temp\debug\temp.tlog\link.write.1.tlog
